# JRE version: Java(TM) SE Runtime Environment (21.0.8+12) (build 21.0.8+12-LTS-250)
# Java VM: Java HotSpot(TM) 64-Bit Server VM (21.0.8+12-LTS-250, mixed mode, sharing, tiered, compressed oops, compressed class ptrs, g1 gc, windows-amd64)
GC Precious Log:
 CardTable entry size: 512
 Card Set container configuration: InlinePtr #cards 5 size 8 Array Of Cards #cards 12 size 40 Howl #buckets 4 coarsen threshold 1843 Howl Bitmap #cards 512 size 80 coarsen threshold 460 Card regions per heap region 1 cards per card region 2048
 CPUs: 8 total, 8 available
 Memory: 3767M
 Large Page Support: Disabled
 NUMA Support: Disabled
 Compressed Oops: Enabled (32-bit)
 Heap Region Size: 1M
 Heap Min Capacity: 8M
 Heap Initial Capacity: 60M
 Heap Max Capacity: 1G
 Pre-touch: Disabled
 Parallel Workers: 8
 Concurrent Workers: 2
 Concurrent Refinement Workers: 8
 Periodic GC: Disabled
Heap:
 garbage-first heap   total 178176K, used 103404K [0x00000000c0000000, 0x0000000100000000)
  region size 1024K, 21 young (21504K), 9 survivors (9216K)
 Metaspace       used 89020K, committed 90560K, reserved 458752K
  class space    used 11164K, committed 11904K, reserved 327680K
GC Heap History (20 events):
Event: 170.708 GC heap before
{Heap before GC invocations=145 (full 0):
 garbage-first heap   total 215040K, used 200981K [0x00000000c0000000, 0x0000000100000000)
  region size 1024K, 113 young (115712K), 2 survivors (2048K)
 Metaspace       used 42833K, committed 44288K, reserved 393216K
  class space    used 5677K, committed 6400K, reserved 327680K
}
Event: 170.725 GC heap after
{Heap after GC invocations=146 (full 0):
 garbage-first heap   total 215040K, used 70986K [0x00000000c0000000, 0x0000000100000000)
  region size 1024K, 3 young (3072K), 3 survivors (3072K)
 Metaspace       used 42833K, committed 44288K, reserved 393216K
  class space    used 5677K, committed 6400K, reserved 327680K
}
Event: 173.988 GC heap before
{Heap before GC invocations=146 (full 0):
 garbage-first heap   total 215040K, used 145738K [0x00000000c0000000, 0x0000000100000000)
  region size 1024K, 77 young (78848K), 3 survivors (3072K)
 Metaspace       used 42886K, committed 44352K, reserved 393216K
  class space    used 5677K, committed 6400K, reserved 327680K
}
Event: 174.003 GC heap after
{Heap after GC invocations=147 (full 0):
 garbage-first heap   total 215040K, used 69595K [0x00000000c0000000, 0x0000000100000000)
  region size 1024K, 1 young (1024K), 1 survivors (1024K)
 Metaspace       used 42886K, committed 44352K, reserved 393216K
  class space    used 5677K, committed 6400K, reserved 327680K
}
Event: 177.788 GC heap before
{Heap before GC invocations=148 (full 0):
 garbage-first heap   total 215040K, used 190427K [0x00000000c0000000, 0x0000000100000000)
  region size 1024K, 126 young (129024K), 1 survivors (1024K)
 Metaspace       used 42902K, committed 44352K, reserved 393216K
  class space    used 5677K, committed 6400K, reserved 327680K
}
Event: 177.797 GC heap after
{Heap after GC invocations=149 (full 0):
 garbage-first heap   total 215040K, used 61610K [0x00000000c0000000, 0x0000000100000000)
  region size 1024K, 2 young (2048K), 2 survivors (2048K)
 Metaspace       used 42902K, committed 44352K, reserved 393216K
  class space    used 5677K, committed 6400K, reserved 327680K
}
Event: 179.940 GC heap before
{Heap before GC invocations=149 (full 0):
 garbage-first heap   total 215040K, used 188586K [0x00000000c0000000, 0x0000000100000000)
  region size 1024K, 126 young (129024K), 2 survivors (2048K)
 Metaspace       used 42926K, committed 44352K, reserved 393216K
  class space    used 5677K, committed 6400K, reserved 327680K
}
Event: 179.958 GC heap after
{Heap after GC invocations=150 (full 0):
 garbage-first heap   total 215040K, used 43909K [0x00000000c0000000, 0x0000000100000000)
  region size 1024K, 2 young (2048K), 2 survivors (2048K)
 Metaspace       used 42926K, committed 44352K, reserved 393216K
  class space    used 5677K, committed 6400K, reserved 327680K
}
Event: 190.212 GC heap before
{Heap before GC invocations=150 (full 0):
 garbage-first heap   total 215040K, used 126853K [0x00000000c0000000, 0x0000000100000000)
  region size 1024K, 77 young (78848K), 2 survivors (2048K)
 Metaspace       used 47199K, committed 48640K, reserved 393216K
  class space    used 6683K, committed 7424K, reserved 327680K
}
Event: 190.226 GC heap after
{Heap after GC invocations=151 (full 0):
 garbage-first heap   total 215040K, used 50779K [0x00000000c0000000, 0x0000000100000000)
  region size 1024K, 1 young (1024K), 1 survivors (1024K)
 Metaspace       used 47199K, committed 48640K, reserved 393216K
  class space    used 6683K, committed 7424K, reserved 327680K
}
Event: 208.480 GC heap before
{Heap before GC invocations=152 (full 0):
 garbage-first heap   total 178176K, used 158299K [0x00000000c0000000, 0x0000000100000000)
  region size 1024K, 104 young (106496K), 1 survivors (1024K)
 Metaspace       used 55597K, committed 57152K, reserved 393216K
  class space    used 7668K, committed 8448K, reserved 327680K
}
Event: 208.541 GC heap after
{Heap after GC invocations=153 (full 0):
 garbage-first heap   total 178176K, used 44970K [0x00000000c0000000, 0x0000000100000000)
  region size 1024K, 3 young (3072K), 3 survivors (3072K)
 Metaspace       used 55597K, committed 57152K, reserved 393216K
  class space    used 7668K, committed 8448K, reserved 327680K
}
Event: 239.214 GC heap before
{Heap before GC invocations=153 (full 0):
 garbage-first heap   total 178176K, used 148394K [0x00000000c0000000, 0x0000000100000000)
  region size 1024K, 104 young (106496K), 3 survivors (3072K)
 Metaspace       used 63899K, committed 65472K, reserved 393216K
  class space    used 8551K, committed 9344K, reserved 327680K
}
Event: 239.558 GC heap after
{Heap after GC invocations=154 (full 0):
 garbage-first heap   total 178176K, used 61019K [0x00000000c0000000, 0x0000000100000000)
  region size 1024K, 13 young (13312K), 13 survivors (13312K)
 Metaspace       used 63899K, committed 65472K, reserved 393216K
  class space    used 8551K, committed 9344K, reserved 327680K
}
Event: 249.122 GC heap before
{Heap before GC invocations=154 (full 0):
 garbage-first heap   total 178176K, used 153179K [0x00000000c0000000, 0x0000000100000000)
  region size 1024K, 104 young (106496K), 13 survivors (13312K)
 Metaspace       used 74797K, committed 76416K, reserved 458752K
  class space    used 9605K, committed 10368K, reserved 327680K
}
Event: 249.281 GC heap after
{Heap after GC invocations=155 (full 0):
 garbage-first heap   total 178176K, used 68750K [0x00000000c0000000, 0x0000000100000000)
  region size 1024K, 7 young (7168K), 7 survivors (7168K)
 Metaspace       used 74797K, committed 76416K, reserved 458752K
  class space    used 9605K, committed 10368K, reserved 327680K
}
Event: 257.602 GC heap before
{Heap before GC invocations=156 (full 0):
 garbage-first heap   total 178176K, used 154766K [0x00000000c0000000, 0x0000000100000000)
  region size 1024K, 91 young (93184K), 7 survivors (7168K)
 Metaspace       used 81841K, committed 83392K, reserved 458752K
  class space    used 10492K, committed 11264K, reserved 327680K
}
Event: 257.690 GC heap after
{Heap after GC invocations=157 (full 0):
 garbage-first heap   total 178176K, used 82860K [0x00000000c0000000, 0x0000000100000000)
  region size 1024K, 12 young (12288K), 12 survivors (12288K)
 Metaspace       used 81841K, committed 83392K, reserved 458752K
  class space    used 10492K, committed 11264K, reserved 327680K
}
Event: 265.874 GC heap before
{Heap before GC invocations=157 (full 0):
 garbage-first heap   total 178176K, used 141228K [0x00000000c0000000, 0x0000000100000000)
  region size 1024K, 69 young (70656K), 12 survivors (12288K)
 Metaspace       used 87164K, committed 88768K, reserved 458752K
  class space    used 11025K, committed 11776K, reserved 327680K
}
Event: 266.014 GC heap after
{Heap after GC invocations=158 (full 0):
 garbage-first heap   total 178176K, used 92140K [0x00000000c0000000, 0x0000000100000000)
  region size 1024K, 9 young (9216K), 9 survivors (9216K)
 Metaspace       used 87164K, committed 88768K, reserved 458752K
  class space    used 11025K, committed 11776K, reserved 327680K
}

